#
# There is insufficient memory for the Java Runtime Environment to continue.
# Native memory allocation (malloc) failed to allocate 356576 bytes for Chunk::new
# Possible reasons:
#   The system is out of physical RAM or swap space
#   The process is running with CompressedOops enabled, and the Java Heap may be blocking the growth of the native heap
# Possible solutions:
#   Reduce memory load on the system
#   Increase physical memory or swap space
#   Check if swap backing store is full
#   Decrease Java heap size (-Xmx/-Xms)
#   Decrease number of Java threads
#   Decrease Java thread stack sizes (-Xss)
#   Set larger code cache with -XX:ReservedCodeCacheSize=
#   JVM is running with Zero Based Compressed Oops mode in which the Java heap is
#     placed in the first 32GB address space. The Java Heap base address is the
#     maximum limit for the native heap growth. Please use -XX:HeapBaseMinAddress
#     to set the Java Heap base and to place the Java Heap above 32GB virtual address.
# This output file may be truncated or incomplete.
#
#  Out of Memory Error (arena.cpp:189), pid=13816, tid=12348
#
# JRE version: OpenJDK Runtime Environment (17.0.7) (build 17.0.7+0-b2043.56-10550314)
# Java VM: OpenJDK 64-Bit Server VM (17.0.7+0-b2043.56-10550314, mixed mode, tiered, compressed oops, compressed class ptrs, g1 gc, windows-amd64)
# No core dump will be written. Minidumps are not enabled by default on client versions of Windows
#

---------------  S U M M A R Y ------------

Command Line: --add-opens=java.base/java.util=ALL-UNNAMED --add-opens=java.base/java.lang=ALL-UNNAMED --add-opens=java.base/java.lang.invoke=ALL-UNNAMED --add-opens=java.base/java.util=ALL-UNNAMED --add-opens=java.prefs/java.util.prefs=ALL-UNNAMED --add-opens=java.prefs/java.util.prefs=ALL-UNNAMED --add-opens=java.base/java.nio.charset=ALL-UNNAMED --add-opens=java.base/java.net=ALL-UNNAMED --add-opens=java.base/java.util.concurrent.atomic=ALL-UNNAMED -Xmx4G -Dfile.encoding=windows-1252 -Duser.country=US -Duser.language=en -Duser.variant org.gradle.launcher.daemon.bootstrap.GradleDaemon 7.5

Host: Intel(R) Core(TM) i3-4130 CPU @ 3.40GHz, 4 cores, 3G,  Windows 10 , 64 bit Build 19041 (10.0.19041.3636)
Time: Sat Mar  9 23:14:07 2024 Pakistan Standard Time elapsed time: 69.993958 seconds (0d 0h 1m 9s)

---------------  T H R E A D  ---------------

Current thread (0x000002627dc50a00):  JavaThread "C2 CompilerThread0" daemon [_thread_in_native, id=12348, stack(0x0000008ea7d00000,0x0000008ea7e00000)]


Current CompileTask:
C2:  69994 12927       4       org.gradle.internal.logging.text.AbstractLineChoppingStyledTextOutput::doAppend (43 bytes)

Stack: [0x0000008ea7d00000,0x0000008ea7e00000]
Native frames: (J=compiled Java code, j=interpreted, Vv=VM code, C=native code)
V  [jvm.dll+0x683bfa]
V  [jvm.dll+0x8430a4]
V  [jvm.dll+0x8449be]
V  [jvm.dll+0x845023]
V  [jvm.dll+0x24ad2f]
V  [jvm.dll+0xac25c]
V  [jvm.dll+0xac82c]
V  [jvm.dll+0x2b218f]
V  [jvm.dll+0x58c2f7]
V  [jvm.dll+0x225a12]
V  [jvm.dll+0x21e91f]
V  [jvm.dll+0x21c56b]
V  [jvm.dll+0x1a605d]
V  [jvm.dll+0x22c148]
V  [jvm.dll+0x22a209]
V  [jvm.dll+0x7f858c]
V  [jvm.dll+0x7f2aea]
V  [jvm.dll+0x682a35]
C  [ucrtbase.dll+0x21bb2]
C  [KERNEL32.DLL+0x17344]
C  [ntdll.dll+0x526b1]


---------------  P R O C E S S  ---------------

Threads class SMR info:
_java_thread_list=0x000002621c4bd140, length=89, elements={
0x000002626e7d3c50, 0x000002627d9b8260, 0x000002627d9b9780, 0x000002627dc34420,
0x000002627dc37d00, 0x000002627dc38d60, 0x000002627dc39dc0, 0x000002627dc50a00,
0x000002627dc51aa0, 0x000002627dc56f50, 0x000002627dda7d90, 0x000002627ddacea0,
0x00000262131a7870, 0x00000262131890a0, 0x000002627ecf2f10, 0x00000262132e7820,
0x000002627ecce740, 0x000002627f7d59e0, 0x000002627f7d6600, 0x00000262131509a0,
0x000002621314f190, 0x000002621314f660, 0x0000026213151340, 0x000002621314e320,
0x0000026213150e70, 0x0000026213150000, 0x000002621314e7f0, 0x000002621314fb30,
0x0000026213151810, 0x0000026213151ce0, 0x000002621314ecc0, 0x00000262131504d0,
0x000002627f2bf3a0, 0x000002627f2bea00, 0x000002627f2c4f10, 0x000002627f2c1a20,
0x000002627f2be530, 0x000002627f2c23c0, 0x000002627f2c4570, 0x000002627f2c3700,
0x000002627f2c4a40, 0x000002627f2c3bd0, 0x000002627f2bdb90, 0x000002627f2beed0,
0x000002627f2bf870, 0x000002627f2bd6c0, 0x000002627f2c2d60, 0x000002627f2c0210,
0x000002627f2c1080, 0x000002627f2c06e0, 0x000002627f2c1550, 0x000002627f2c1ef0,
0x000002627f2c2890, 0x000002627f2c3230, 0x0000026213865ba0, 0x0000026213860030,
0x0000026213861840, 0x0000026213866070, 0x0000026213860500, 0x0000026213861d10,
0x0000026213861370, 0x0000026213864d30, 0x00000262138621e0, 0x00000262138626b0,
0x0000026213862b80, 0x000002621385fb60, 0x0000026213863520, 0x000002621385f690,
0x0000026213863050, 0x00000262138609d0, 0x00000262138639f0, 0x0000026213864860,
0x00000262138656d0, 0x0000026213860ea0, 0x0000026213863ec0, 0x0000026213864390,
0x0000026213865200, 0x000002621385e820, 0x000002621385ecf0, 0x0000026213b1f4f0,
0x0000026213b1e680, 0x0000026213b1c000, 0x0000026213b1dce0, 0x0000026213b1e1b0,
0x0000026213b1c9a0, 0x0000026213b1f020, 0x0000026213b1fe90, 0x0000026213b194b0,
0x0000026213b1acc0
}

Java Threads: ( => current thread )
  0x000002626e7d3c50 JavaThread "main" [_thread_blocked, id=14136, stack(0x0000008ea7000000,0x0000008ea7100000)]
  0x000002627d9b8260 JavaThread "Reference Handler" daemon [_thread_blocked, id=3504, stack(0x0000008ea7700000,0x0000008ea7800000)]
  0x000002627d9b9780 JavaThread "Finalizer" daemon [_thread_blocked, id=3804, stack(0x0000008ea7800000,0x0000008ea7900000)]
  0x000002627dc34420 JavaThread "Signal Dispatcher" daemon [_thread_blocked, id=6152, stack(0x0000008ea7900000,0x0000008ea7a00000)]
  0x000002627dc37d00 JavaThread "Attach Listener" daemon [_thread_blocked, id=9740, stack(0x0000008ea7a00000,0x0000008ea7b00000)]
  0x000002627dc38d60 JavaThread "Service Thread" daemon [_thread_blocked, id=436, stack(0x0000008ea7b00000,0x0000008ea7c00000)]
  0x000002627dc39dc0 JavaThread "Monitor Deflation Thread" daemon [_thread_blocked, id=15056, stack(0x0000008ea7c00000,0x0000008ea7d00000)]
=>0x000002627dc50a00 JavaThread "C2 CompilerThread0" daemon [_thread_in_native, id=12348, stack(0x0000008ea7d00000,0x0000008ea7e00000)]
  0x000002627dc51aa0 JavaThread "C1 CompilerThread0" daemon [_thread_blocked, id=14212, stack(0x0000008ea7e00000,0x0000008ea7f00000)]
  0x000002627dc56f50 JavaThread "Sweeper thread" daemon [_thread_blocked, id=8036, stack(0x0000008ea7f00000,0x0000008ea8000000)]
  0x000002627dda7d90 JavaThread "Common-Cleaner" daemon [_thread_blocked, id=8588, stack(0x0000008ea8000000,0x0000008ea8100000)]
  0x000002627ddacea0 JavaThread "Notification Thread" daemon [_thread_blocked, id=12444, stack(0x0000008ea8100000,0x0000008ea8200000)]
  0x00000262131a7870 JavaThread "Daemon health stats" [_thread_blocked, id=13380, stack(0x0000008ea8600000,0x0000008ea8700000)]
  0x00000262131890a0 JavaThread "Incoming local TCP Connector on port 50042" [_thread_in_native, id=12780, stack(0x0000008ea8700000,0x0000008ea8800000)]
  0x000002627ecf2f10 JavaThread "Daemon periodic checks" [_thread_blocked, id=12428, stack(0x0000008ea8800000,0x0000008ea8900000)]
  0x00000262132e7820 JavaThread "Daemon" [_thread_blocked, id=11540, stack(0x0000008ea8900000,0x0000008ea8a00000)]
  0x000002627ecce740 JavaThread "Handler for socket connection from /127.0.0.1:50042 to /127.0.0.1:50043" [_thread_in_native, id=12684, stack(0x0000008ea8a00000,0x0000008ea8b00000)]
  0x000002627f7d59e0 JavaThread "Cancel handler" [_thread_blocked, id=2144, stack(0x0000008ea8b00000,0x0000008ea8c00000)]
  0x000002627f7d6600 JavaThread "Daemon worker" [_thread_blocked, id=4584, stack(0x0000008ea8c00000,0x0000008ea8d00000)]
  0x00000262131509a0 JavaThread "Asynchronous log dispatcher for DefaultDaemonConnection: socket connection from /127.0.0.1:50042 to /127.0.0.1:50043" [_thread_blocked, id=7908, stack(0x0000008ea8d00000,0x0000008ea8e00000)]
  0x000002621314f190 JavaThread "Stdin handler" [_thread_blocked, id=10276, stack(0x0000008ea8e00000,0x0000008ea8f00000)]
  0x000002621314f660 JavaThread "Daemon client event forwarder" [_thread_blocked, id=5864, stack(0x0000008ea8f00000,0x0000008ea9000000)]
  0x0000026213151340 JavaThread "Cache worker for journal cache (C:\Users\Administrator\.gradle\caches\journal-1)" [_thread_blocked, id=11596, stack(0x0000008ea9000000,0x0000008ea9100000)]
  0x000002621314e320 JavaThread "File lock request listener" [_thread_in_native, id=5964, stack(0x0000008ea9100000,0x0000008ea9200000)]
  0x0000026213150e70 JavaThread "Cache worker for file hash cache (C:\Users\Administrator\.gradle\caches\7.5\fileHashes)" [_thread_blocked, id=5048, stack(0x0000008ea9200000,0x0000008ea9300000)]
  0x0000026213150000 JavaThread "File watcher server" daemon [_thread_in_native, id=12668, stack(0x0000008ea9300000,0x0000008ea9400000)]
  0x000002621314e7f0 JavaThread "File watcher consumer" daemon [_thread_blocked, id=13224, stack(0x0000008ea9400000,0x0000008ea9500000)]
  0x000002621314fb30 JavaThread "Cache worker for checksums cache (H:\AmmarSAA\BanoQabil\Mobile-App-Development-Bano-Qabil-2.0\Assignments\Authentication\.android\.gradle\7.5\checksums)" [_thread_blocked, id=7564, stack(0x0000008ea9500000,0x0000008ea9600000)]
  0x0000026213151810 JavaThread "Cache worker for cache directory md-rule (C:\Users\Administrator\.gradle\caches\7.5\md-rule)" [_thread_blocked, id=124, stack(0x0000008ea9600000,0x0000008ea9700000)]
  0x0000026213151ce0 JavaThread "Cache worker for file content cache (C:\Users\Administrator\.gradle\caches\7.5\fileContent)" [_thread_blocked, id=244, stack(0x0000008ea9700000,0x0000008ea9800000)]
  0x000002621314ecc0 JavaThread "Cache worker for file hash cache (H:\AmmarSAA\BanoQabil\Mobile-App-Development-Bano-Qabil-2.0\Assignments\Authentication\.android\.gradle\7.5\fileHashes)" [_thread_blocked, id=7036, stack(0x0000008ea9800000,0x0000008ea9900000)]
  0x00000262131504d0 JavaThread "Cache worker for cache directory md-supplier (C:\Users\Administrator\.gradle\caches\7.5\md-supplier)" [_thread_blocked, id=9380, stack(0x0000008ea9900000,0x0000008ea9a00000)]
  0x000002627f2bf3a0 JavaThread "Cache worker for execution history cache (C:\Users\Administrator\.gradle\caches\7.5\executionHistory)" [_thread_blocked, id=7600, stack(0x0000008ea9a00000,0x0000008ea9b00000)]
  0x000002627f2bea00 JavaThread "jar transforms" [_thread_blocked, id=7736, stack(0x0000008ea9b00000,0x0000008ea9c00000)]
  0x000002627f2c4f10 JavaThread "jar transforms Thread 2" [_thread_blocked, id=10296, stack(0x0000008ea9c00000,0x0000008ea9d00000)]
  0x000002627f2c1a20 JavaThread "jar transforms Thread 3" [_thread_blocked, id=12224, stack(0x0000008ea9d00000,0x0000008ea9e00000)]
  0x000002627f2be530 JavaThread "jar transforms Thread 4" [_thread_blocked, id=13904, stack(0x0000008ea9e00000,0x0000008ea9f00000)]
  0x000002627f2c23c0 JavaThread "Cache worker for dependencies-accessors (H:\AmmarSAA\BanoQabil\Mobile-App-Development-Bano-Qabil-2.0\Assignments\Authentication\.android\.gradle\7.5\dependencies-accessors)" [_thread_blocked, id=240, stack(0x0000008ea9f00000,0x0000008eaa000000)]
  0x000002627f2c4570 JavaThread "Cache worker for Build Output Cleanup Cache (H:\AmmarSAA\BanoQabil\Mobile-App-Development-Bano-Qabil-2.0\Assignments\Authentication\.android\.gradle\buildOutputCleanup)" [_thread_blocked, id=8996, stack(0x0000008eaa000000,0x0000008eaa100000)]
  0x000002627f2c3700 JavaThread "Unconstrained build operations" [_thread_blocked, id=4260, stack(0x0000008eaa100000,0x0000008eaa200000)]
  0x000002627f2c4a40 JavaThread "Unconstrained build operations Thread 2" [_thread_blocked, id=2420, stack(0x0000008eaa200000,0x0000008eaa300000)]
  0x000002627f2c3bd0 JavaThread "Unconstrained build operations Thread 3" [_thread_blocked, id=5904, stack(0x0000008eaa300000,0x0000008eaa400000)]
  0x000002627f2bdb90 JavaThread "Unconstrained build operations Thread 4" [_thread_blocked, id=7376, stack(0x0000008eaa400000,0x0000008eaa500000)]
  0x000002627f2beed0 JavaThread "Unconstrained build operations Thread 5" [_thread_blocked, id=4108, stack(0x0000008eaa500000,0x0000008eaa600000)]
  0x000002627f2bf870 JavaThread "Unconstrained build operations Thread 6" [_thread_blocked, id=15332, stack(0x0000008eaa600000,0x0000008eaa700000)]
  0x000002627f2bd6c0 JavaThread "Unconstrained build operations Thread 7" [_thread_blocked, id=2788, stack(0x0000008eaa700000,0x0000008eaa800000)]
  0x000002627f2c2d60 JavaThread "Unconstrained build operations Thread 8" [_thread_blocked, id=12972, stack(0x0000008eaa800000,0x0000008eaa900000)]
  0x000002627f2c0210 JavaThread "Unconstrained build operations Thread 9" [_thread_blocked, id=14384, stack(0x0000008eaa900000,0x0000008eaaa00000)]
  0x000002627f2c1080 JavaThread "Unconstrained build operations Thread 10" [_thread_blocked, id=8956, stack(0x0000008eaaa00000,0x0000008eaab00000)]
  0x000002627f2c06e0 JavaThread "Unconstrained build operations Thread 11" [_thread_blocked, id=12320, stack(0x0000008eaab00000,0x0000008eaac00000)]
  0x000002627f2c1550 JavaThread "Unconstrained build operations Thread 12" [_thread_blocked, id=8004, stack(0x0000008eaac00000,0x0000008eaad00000)]
  0x000002627f2c1ef0 JavaThread "Unconstrained build operations Thread 13" [_thread_blocked, id=11564, stack(0x0000008eaad00000,0x0000008eaae00000)]
  0x000002627f2c2890 JavaThread "Unconstrained build operations Thread 14" [_thread_blocked, id=4508, stack(0x0000008eaae00000,0x0000008eaaf00000)]
  0x000002627f2c3230 JavaThread "Unconstrained build operations Thread 15" [_thread_blocked, id=14656, stack(0x0000008eaaf00000,0x0000008eab000000)]
  0x0000026213865ba0 JavaThread "Unconstrained build operations Thread 16" [_thread_blocked, id=13372, stack(0x0000008eab000000,0x0000008eab100000)]
  0x0000026213860030 JavaThread "Unconstrained build operations Thread 17" [_thread_blocked, id=5224, stack(0x0000008eab100000,0x0000008eab200000)]
  0x0000026213861840 JavaThread "Unconstrained build operations Thread 18" [_thread_blocked, id=2548, stack(0x0000008eab200000,0x0000008eab300000)]
  0x0000026213866070 JavaThread "Unconstrained build operations Thread 19" [_thread_blocked, id=4804, stack(0x0000008eab300000,0x0000008eab400000)]
  0x0000026213860500 JavaThread "Unconstrained build operations Thread 20" [_thread_blocked, id=9604, stack(0x0000008eab400000,0x0000008eab500000)]
  0x0000026213861d10 JavaThread "Unconstrained build operations Thread 21" [_thread_blocked, id=5780, stack(0x0000008eab500000,0x0000008eab600000)]
  0x0000026213861370 JavaThread "Unconstrained build operations Thread 22" [_thread_blocked, id=5320, stack(0x0000008eab600000,0x0000008eab700000)]
  0x0000026213864d30 JavaThread "Unconstrained build operations Thread 23" [_thread_blocked, id=5732, stack(0x0000008eab700000,0x0000008eab800000)]
  0x00000262138621e0 JavaThread "Unconstrained build operations Thread 24" [_thread_blocked, id=11608, stack(0x0000008eab800000,0x0000008eab900000)]
  0x00000262138626b0 JavaThread "Unconstrained build operations Thread 25" [_thread_blocked, id=12156, stack(0x0000008eab900000,0x0000008eaba00000)]
  0x0000026213862b80 JavaThread "Unconstrained build operations Thread 26" [_thread_blocked, id=6180, stack(0x0000008eaba00000,0x0000008eabb00000)]
  0x000002621385fb60 JavaThread "Unconstrained build operations Thread 27" [_thread_blocked, id=6388, stack(0x0000008eabb00000,0x0000008eabc00000)]
  0x0000026213863520 JavaThread "Unconstrained build operations Thread 28" [_thread_blocked, id=6344, stack(0x0000008eabc00000,0x0000008eabd00000)]
  0x000002621385f690 JavaThread "Unconstrained build operations Thread 29" [_thread_blocked, id=7904, stack(0x0000008eabd00000,0x0000008eabe00000)]
  0x0000026213863050 JavaThread "Unconstrained build operations Thread 30" [_thread_blocked, id=732, stack(0x0000008eabe00000,0x0000008eabf00000)]
  0x00000262138609d0 JavaThread "Unconstrained build operations Thread 31" [_thread_blocked, id=12368, stack(0x0000008eabf00000,0x0000008eac000000)]
  0x00000262138639f0 JavaThread "Unconstrained build operations Thread 32" [_thread_blocked, id=4104, stack(0x0000008eac000000,0x0000008eac100000)]
  0x0000026213864860 JavaThread "Unconstrained build operations Thread 33" [_thread_blocked, id=12328, stack(0x0000008eac100000,0x0000008eac200000)]
  0x00000262138656d0 JavaThread "Unconstrained build operations Thread 34" [_thread_blocked, id=1120, stack(0x0000008eac200000,0x0000008eac300000)]
  0x0000026213860ea0 JavaThread "Unconstrained build operations Thread 35" [_thread_blocked, id=1824, stack(0x0000008eac300000,0x0000008eac400000)]
  0x0000026213863ec0 JavaThread "Unconstrained build operations Thread 36" [_thread_blocked, id=1332, stack(0x0000008eac400000,0x0000008eac500000)]
  0x0000026213864390 JavaThread "Unconstrained build operations Thread 37" [_thread_blocked, id=9144, stack(0x0000008eac500000,0x0000008eac600000)]
  0x0000026213865200 JavaThread "Unconstrained build operations Thread 38" [_thread_blocked, id=5028, stack(0x0000008eac600000,0x0000008eac700000)]
  0x000002621385e820 JavaThread "Unconstrained build operations Thread 39" [_thread_blocked, id=5240, stack(0x0000008eac700000,0x0000008eac800000)]
  0x000002621385ecf0 JavaThread "Unconstrained build operations Thread 40" [_thread_blocked, id=7460, stack(0x0000008eac800000,0x0000008eac900000)]
  0x0000026213b1f4f0 JavaThread "Memory manager" [_thread_blocked, id=11628, stack(0x0000008eac900000,0x0000008eaca00000)]
  0x0000026213b1e680 JavaThread "Cache worker for kotlin-dsl (C:\Users\Administrator\.gradle\caches\7.5\kotlin-dsl)" [_thread_blocked, id=4080, stack(0x0000008eaca00000,0x0000008eacb00000)]
  0x0000026213b1c000 JavaThread "included builds" [_thread_blocked, id=5200, stack(0x0000008eacd00000,0x0000008eace00000)]
  0x0000026213b1dce0 JavaThread "Execution worker" [_thread_blocked, id=4776, stack(0x0000008eace00000,0x0000008eacf00000)]
  0x0000026213b1e1b0 JavaThread "Execution worker Thread 2" [_thread_blocked, id=12944, stack(0x0000008eacf00000,0x0000008ead000000)]
  0x0000026213b1c9a0 JavaThread "Execution worker Thread 3" [_thread_blocked, id=4500, stack(0x0000008ead000000,0x0000008ead100000)]
  0x0000026213b1f020 JavaThread "Cache worker for execution history cache (H:\AmmarSAA\BanoQabil\Mobile-App-Development-Bano-Qabil-2.0\Assignments\Authentication\.android\.gradle\7.5\executionHistory)" [_thread_blocked, id=1176, stack(0x0000008ead100000,0x0000008ead200000)]
  0x0000026213b1fe90 JavaThread "Exec process" [_thread_in_native, id=8796, stack(0x0000008ead200000,0x0000008ead300000)]
  0x0000026213b194b0 JavaThread "Exec process Thread 2" [_thread_in_native, id=13360, stack(0x0000008ead300000,0x0000008ead400000)]
  0x0000026213b1acc0 JavaThread "Exec process Thread 3" [_thread_in_native, id=2688, stack(0x0000008ead400000,0x0000008ead500000)]

Other Threads:
  0x000002627d93d240 VMThread "VM Thread" [stack: 0x0000008ea7600000,0x0000008ea7700000] [id=14884]
  0x000002627ddaf790 WatcherThread [stack: 0x0000008ea8200000,0x0000008ea8300000] [id=10332]
  0x000002626e841980 GCTaskThread "GC Thread#0" [stack: 0x0000008ea7100000,0x0000008ea7200000] [id=5000]
  0x000002627e37fb40 GCTaskThread "GC Thread#1" [stack: 0x0000008ea8300000,0x0000008ea8400000] [id=10600]
  0x000002627e1757b0 GCTaskThread "GC Thread#2" [stack: 0x0000008ea8400000,0x0000008ea8500000] [id=8400]
  0x000002627e9bf2c0 GCTaskThread "GC Thread#3" [stack: 0x0000008ea8500000,0x0000008ea8600000] [id=12960]
  0x000002626e8527d0 ConcurrentGCThread "G1 Main Marker" [stack: 0x0000008ea7200000,0x0000008ea7300000] [id=9028]
  0x000002626e853890 ConcurrentGCThread "G1 Conc#0" [stack: 0x0000008ea7300000,0x0000008ea7400000] [id=4172]
  0x000002626e88aa20 ConcurrentGCThread "G1 Refine#0" [stack: 0x0000008ea7400000,0x0000008ea7500000] [id=12104]
  0x000002626e88cf70 ConcurrentGCThread "G1 Service" [stack: 0x0000008ea7500000,0x0000008ea7600000] [id=6004]

Threads with active compile tasks:
C2 CompilerThread0    70093 12927       4       org.gradle.internal.logging.text.AbstractLineChoppingStyledTextOutput::doAppend (43 bytes)

VM state: not at safepoint (normal execution)

VM Mutex/Monitor currently owned by a thread: None

Heap address: 0x0000000700000000, size: 4096 MB, Compressed Oops mode: Zero based, Oop shift amount: 3

CDS archive(s) not mapped
Compressed class space mapped at: 0x0000000800000000-0x0000000840000000, reserved size: 1073741824
Narrow klass base: 0x0000000800000000, Narrow klass shift: 0, Narrow klass range: 0x40000000

GC Precious Log:
 CPUs: 4 total, 4 available
 Memory: 4014M
 Large Page Support: Disabled
 NUMA Support: Disabled
 Compressed Oops: Enabled (Zero based)
 Heap Region Size: 2M
 Heap Min Capacity: 8M
 Heap Initial Capacity: 64M
 Heap Max Capacity: 4G
 Pre-touch: Disabled
 Parallel Workers: 4
 Concurrent Workers: 1
 Concurrent Refinement Workers: 4
 Periodic GC: Disabled

Heap:
 garbage-first heap   total 184320K, used 145295K [0x0000000700000000, 0x0000000800000000)
  region size 2048K, 19 young (38912K), 1 survivors (2048K)
 Metaspace       used 99475K, committed 100288K, reserved 1179648K
  class space    used 13671K, committed 14016K, reserved 1048576K

Heap Regions: E=young(eden), S=young(survivor), O=old, HS=humongous(starts), HC=humongous(continues), CS=collection set, F=free, OA=open archive, CA=closed archive, TAMS=top-at-mark-start (previous, next)
|   0|0x0000000700000000, 0x0000000700200000, 0x0000000700200000|100%|HS|  |TAMS 0x0000000700200000, 0x0000000700000000| Complete 
|   1|0x0000000700200000, 0x0000000700400000, 0x0000000700400000|100%|HC|  |TAMS 0x0000000700400000, 0x0000000700200000| Complete 
|   2|0x0000000700400000, 0x0000000700600000, 0x0000000700600000|100%| O|  |TAMS 0x0000000700600000, 0x0000000700400000| Untracked 
|   3|0x0000000700600000, 0x0000000700800000, 0x0000000700800000|100%| O|  |TAMS 0x0000000700800000, 0x0000000700600000| Untracked 
|   4|0x0000000700800000, 0x0000000700a00000, 0x0000000700a00000|100%| O|  |TAMS 0x0000000700a00000, 0x0000000700800000| Untracked 
|   5|0x0000000700a00000, 0x0000000700c00000, 0x0000000700c00000|100%| O|  |TAMS 0x0000000700c00000, 0x0000000700a00000| Untracked 
|   6|0x0000000700c00000, 0x0000000700e00000, 0x0000000700e00000|100%| O|  |TAMS 0x0000000700e00000, 0x0000000700c00000| Untracked 
|   7|0x0000000700e00000, 0x0000000701000000, 0x0000000701000000|100%| O|  |TAMS 0x0000000701000000, 0x0000000700e00000| Untracked 
|   8|0x0000000701000000, 0x0000000701200000, 0x0000000701200000|100%| O|  |TAMS 0x0000000701200000, 0x0000000701000000| Untracked 
|   9|0x0000000701200000, 0x0000000701400000, 0x0000000701400000|100%| O|  |TAMS 0x0000000701400000, 0x0000000701200000| Untracked 
|  10|0x0000000701400000, 0x0000000701600000, 0x0000000701600000|100%| O|  |TAMS 0x0000000701600000, 0x0000000701400000| Untracked 
|  11|0x0000000701600000, 0x0000000701800000, 0x0000000701800000|100%| O|  |TAMS 0x0000000701800000, 0x0000000701600000| Untracked 
|  12|0x0000000701800000, 0x0000000701a00000, 0x0000000701a00000|100%| O|  |TAMS 0x0000000701a00000, 0x0000000701800000| Untracked 
|  13|0x0000000701a00000, 0x0000000701c00000, 0x0000000701c00000|100%| O|  |TAMS 0x0000000701c00000, 0x0000000701a00000| Untracked 
|  14|0x0000000701c00000, 0x0000000701e00000, 0x0000000701e00000|100%| O|  |TAMS 0x0000000701e00000, 0x0000000701c00000| Untracked 
|  15|0x0000000701e00000, 0x0000000702000000, 0x0000000702000000|100%| O|  |TAMS 0x0000000702000000, 0x0000000701e00000| Untracked 
|  16|0x0000000702000000, 0x0000000702200000, 0x0000000702200000|100%| O|  |TAMS 0x0000000702200000, 0x0000000702000000| Untracked 
|  17|0x0000000702200000, 0x0000000702400000, 0x0000000702400000|100%| O|  |TAMS 0x0000000702400000, 0x0000000702200000| Untracked 
|  18|0x0000000702400000, 0x0000000702600000, 0x0000000702600000|100%| O|  |TAMS 0x0000000702600000, 0x0000000702400000| Untracked 
|  19|0x0000000702600000, 0x0000000702800000, 0x0000000702800000|100%| O|  |TAMS 0x0000000702800000, 0x0000000702600000| Untracked 
|  20|0x0000000702800000, 0x0000000702a00000, 0x0000000702a00000|100%| O|  |TAMS 0x0000000702a00000, 0x0000000702800000| Untracked 
|  21|0x0000000702a00000, 0x0000000702c00000, 0x0000000702c00000|100%| O|  |TAMS 0x0000000702c00000, 0x0000000702a00000| Untracked 
|  22|0x0000000702c00000, 0x0000000702e00000, 0x0000000702e00000|100%| O|  |TAMS 0x0000000702e00000, 0x0000000702c00000| Untracked 
|  23|0x0000000702e00000, 0x0000000703000000, 0x0000000703000000|100%|HS|  |TAMS 0x0000000703000000, 0x0000000702e00000| Complete 
|  24|0x0000000703000000, 0x0000000703200000, 0x0000000703200000|100%|HC|  |TAMS 0x0000000703200000, 0x0000000703000000| Complete 
|  25|0x0000000703200000, 0x0000000703400000, 0x0000000703400000|100%|HS|  |TAMS 0x0000000703400000, 0x0000000703200000| Complete 
|  26|0x0000000703400000, 0x0000000703600000, 0x0000000703600000|100%| O|  |TAMS 0x0000000703600000, 0x0000000703400000| Untracked 
|  27|0x0000000703600000, 0x0000000703600000, 0x0000000703800000|  0%| F|  |TAMS 0x0000000703600000, 0x0000000703600000| Untracked 
|  28|0x0000000703800000, 0x0000000703a00000, 0x0000000703a00000|100%| O|  |TAMS 0x0000000703a00000, 0x0000000703800000| Untracked 
|  29|0x0000000703a00000, 0x0000000703c00000, 0x0000000703c00000|100%| O|  |TAMS 0x0000000703c00000, 0x0000000703a00000| Untracked 
|  30|0x0000000703c00000, 0x0000000703e00000, 0x0000000703e00000|100%| O|  |TAMS 0x0000000703e00000, 0x0000000703c00000| Untracked 
|  31|0x0000000703e00000, 0x0000000704000000, 0x0000000704000000|100%| O|  |TAMS 0x0000000704000000, 0x0000000703e00000| Untracked 
|  32|0x0000000704000000, 0x0000000704200000, 0x0000000704200000|100%| O|  |TAMS 0x0000000704200000, 0x0000000704000000| Untracked 
|  33|0x0000000704200000, 0x0000000704400000, 0x0000000704400000|100%| O|  |TAMS 0x0000000704400000, 0x0000000704200000| Untracked 
|  34|0x0000000704400000, 0x0000000704600000, 0x0000000704600000|100%| O|  |TAMS 0x0000000704600000, 0x0000000704400000| Untracked 
|  35|0x0000000704600000, 0x0000000704800000, 0x0000000704800000|100%| O|  |TAMS 0x0000000704800000, 0x0000000704600000| Untracked 
|  36|0x0000000704800000, 0x0000000704a00000, 0x0000000704a00000|100%| O|  |TAMS 0x0000000704a00000, 0x0000000704800000| Untracked 
|  37|0x0000000704a00000, 0x0000000704c00000, 0x0000000704c00000|100%| O|  |TAMS 0x0000000704c00000, 0x0000000704a00000| Untracked 
|  38|0x0000000704c00000, 0x0000000704e00000, 0x0000000704e00000|100%| O|  |TAMS 0x0000000704e00000, 0x0000000704c00000| Untracked 
|  39|0x0000000704e00000, 0x0000000705000000, 0x0000000705000000|100%| O|  |TAMS 0x0000000705000000, 0x0000000704e00000| Untracked 
|  40|0x0000000705000000, 0x0000000705200000, 0x0000000705200000|100%| O|  |TAMS 0x0000000705200000, 0x0000000705000000| Untracked 
|  41|0x0000000705200000, 0x0000000705400000, 0x0000000705400000|100%| O|  |TAMS 0x0000000705400000, 0x0000000705200000| Untracked 
|  42|0x0000000705400000, 0x0000000705600000, 0x0000000705600000|100%| O|  |TAMS 0x0000000705600000, 0x0000000705400000| Untracked 
|  43|0x0000000705600000, 0x0000000705800000, 0x0000000705800000|100%| O|  |TAMS 0x0000000705800000, 0x0000000705600000| Untracked 
|  44|0x0000000705800000, 0x0000000705a00000, 0x0000000705a00000|100%| O|  |TAMS 0x0000000705a00000, 0x0000000705800000| Untracked 
|  45|0x0000000705a00000, 0x0000000705c00000, 0x0000000705c00000|100%| O|  |TAMS 0x0000000705bbec00, 0x0000000705a00000| Untracked 
|  46|0x0000000705c00000, 0x0000000705e00000, 0x0000000705e00000|100%| O|  |TAMS 0x0000000705c00000, 0x0000000705c00000| Untracked 
|  47|0x0000000705e00000, 0x0000000706000000, 0x0000000706000000|100%| O|  |TAMS 0x0000000705e00000, 0x0000000705e00000| Untracked 
|  48|0x0000000706000000, 0x0000000706200000, 0x0000000706200000|100%| O|  |TAMS 0x0000000706000000, 0x0000000706000000| Untracked 
|  49|0x0000000706200000, 0x0000000706400000, 0x0000000706400000|100%| O|  |TAMS 0x0000000706200000, 0x0000000706200000| Untracked 
|  50|0x0000000706400000, 0x0000000706600000, 0x0000000706600000|100%| O|  |TAMS 0x0000000706400000, 0x0000000706400000| Untracked 
|  51|0x0000000706600000, 0x0000000706800000, 0x0000000706800000|100%| O|  |TAMS 0x0000000706600000, 0x0000000706600000| Untracked 
|  52|0x0000000706800000, 0x0000000706a00000, 0x0000000706a00000|100%| O|  |TAMS 0x0000000706800000, 0x0000000706800000| Untracked 
|  53|0x0000000706a00000, 0x0000000706c00000, 0x0000000706c00000|100%| O|  |TAMS 0x0000000706a00000, 0x0000000706a00000| Untracked 
|  54|0x0000000706c00000, 0x0000000706c4d600, 0x0000000706e00000| 15%| O|  |TAMS 0x0000000706c00000, 0x0000000706c00000| Untracked 
|  55|0x0000000706e00000, 0x0000000706e00000, 0x0000000707000000|  0%| F|  |TAMS 0x0000000706e00000, 0x0000000706e00000| Untracked 
|  56|0x0000000707000000, 0x0000000707000000, 0x0000000707200000|  0%| F|  |TAMS 0x0000000707000000, 0x0000000707000000| Untracked 
|  57|0x0000000707200000, 0x0000000707200000, 0x0000000707400000|  0%| F|  |TAMS 0x0000000707200000, 0x0000000707200000| Untracked 
|  58|0x0000000707400000, 0x0000000707400000, 0x0000000707600000|  0%| F|  |TAMS 0x0000000707400000, 0x0000000707400000| Untracked 
|  59|0x0000000707600000, 0x0000000707600000, 0x0000000707800000|  0%| F|  |TAMS 0x0000000707600000, 0x0000000707600000| Untracked 
|  60|0x0000000707800000, 0x0000000707800000, 0x0000000707a00000|  0%| F|  |TAMS 0x0000000707800000, 0x0000000707800000| Untracked 
|  61|0x0000000707a00000, 0x0000000707a00000, 0x0000000707c00000|  0%| F|  |TAMS 0x0000000707a00000, 0x0000000707a00000| Untracked 
|  62|0x0000000707c00000, 0x0000000707c00000, 0x0000000707e00000|  0%| F|  |TAMS 0x0000000707c00000, 0x0000000707c00000| Untracked 
|  63|0x0000000707e00000, 0x0000000707e00000, 0x0000000708000000|  0%| F|  |TAMS 0x0000000707e00000, 0x0000000707e00000| Untracked 
|  64|0x0000000708000000, 0x0000000708000000, 0x0000000708200000|  0%| F|  |TAMS 0x0000000708000000, 0x0000000708000000| Untracked 
|  65|0x0000000708200000, 0x0000000708200000, 0x0000000708400000|  0%| F|  |TAMS 0x0000000708200000, 0x0000000708200000| Untracked 
|  66|0x0000000708400000, 0x0000000708400000, 0x0000000708600000|  0%| F|  |TAMS 0x0000000708400000, 0x0000000708400000| Untracked 
|  67|0x0000000708600000, 0x0000000708600000, 0x0000000708800000|  0%| F|  |TAMS 0x0000000708600000, 0x0000000708600000| Untracked 
|  68|0x0000000708800000, 0x0000000708800000, 0x0000000708a00000|  0%| F|  |TAMS 0x0000000708800000, 0x0000000708800000| Untracked 
|  69|0x0000000708a00000, 0x0000000708a00000, 0x0000000708c00000|  0%| F|  |TAMS 0x0000000708a00000, 0x0000000708a00000| Untracked 
|  70|0x0000000708c00000, 0x0000000708c00000, 0x0000000708e00000|  0%| F|  |TAMS 0x0000000708c00000, 0x0000000708c00000| Untracked 
|  71|0x0000000708e00000, 0x0000000708e4d258, 0x0000000709000000| 15%| E|  |TAMS 0x0000000708e00000, 0x0000000708e00000| Complete 
|  72|0x0000000709000000, 0x0000000709200000, 0x0000000709200000|100%| E|CS|TAMS 0x0000000709000000, 0x0000000709000000| Complete 
|  73|0x0000000709200000, 0x0000000709400000, 0x0000000709400000|100%| E|CS|TAMS 0x0000000709200000, 0x0000000709200000| Complete 
|  74|0x0000000709400000, 0x0000000709600000, 0x0000000709600000|100%| E|CS|TAMS 0x0000000709400000, 0x0000000709400000| Complete 
|  75|0x0000000709600000, 0x0000000709800000, 0x0000000709800000|100%| E|CS|TAMS 0x0000000709600000, 0x0000000709600000| Complete 
|  76|0x0000000709800000, 0x0000000709a00000, 0x0000000709a00000|100%| E|CS|TAMS 0x0000000709800000, 0x0000000709800000| Complete 
|  77|0x0000000709a00000, 0x0000000709c00000, 0x0000000709c00000|100%| E|CS|TAMS 0x0000000709a00000, 0x0000000709a00000| Complete 
|  78|0x0000000709c00000, 0x0000000709e00000, 0x0000000709e00000|100%| E|CS|TAMS 0x0000000709c00000, 0x0000000709c00000| Complete 
|  79|0x0000000709e00000, 0x000000070a000000, 0x000000070a000000|100%| E|CS|TAMS 0x0000000709e00000, 0x0000000709e00000| Complete 
|  80|0x000000070a000000, 0x000000070a200000, 0x000000070a200000|100%| E|CS|TAMS 0x000000070a000000, 0x000000070a000000| Complete 
|  81|0x000000070a200000, 0x000000070a400000, 0x000000070a400000|100%| E|CS|TAMS 0x000000070a200000, 0x000000070a200000| Complete 
|  82|0x000000070a400000, 0x000000070a600000, 0x000000070a600000|100%| E|CS|TAMS 0x000000070a400000, 0x000000070a400000| Complete 
|  83|0x000000070a600000, 0x000000070a800000, 0x000000070a800000|100%| E|CS|TAMS 0x000000070a600000, 0x000000070a600000| Complete 
|  84|0x000000070a800000, 0x000000070aa00000, 0x000000070aa00000|100%| E|CS|TAMS 0x000000070a800000, 0x000000070a800000| Complete 
|  85|0x000000070aa00000, 0x000000070ac00000, 0x000000070ac00000|100%| E|CS|TAMS 0x000000070aa00000, 0x000000070aa00000| Complete 
|  86|0x000000070ac00000, 0x000000070ae00000, 0x000000070ae00000|100%| E|CS|TAMS 0x000000070ac00000, 0x000000070ac00000| Complete 
|  87|0x000000070ae00000, 0x000000070b000000, 0x000000070b000000|100%| E|CS|TAMS 0x000000070ae00000, 0x000000070ae00000| Complete 
|  88|0x000000070b000000, 0x000000070b196950, 0x000000070b200000| 79%| S|CS|TAMS 0x000000070b000000, 0x000000070b000000| Complete 
|  89|0x000000070b200000, 0x000000070b400000, 0x000000070b400000|100%| E|CS|TAMS 0x000000070b200000, 0x000000070b200000| Complete 

Card table byte_map: [0x00000262724b0000,0x0000026272cb0000] _byte_map_base: 0x000002626ecb0000

Marking Bits (Prev, Next): (CMBitMap*) 0x000002626e841ea0, (CMBitMap*) 0x000002626e841ee0
 Prev Bits: [0x00000262734b0000, 0x00000262774b0000)
 Next Bits: [0x00000262774b0000, 0x000002627b4b0000)

Polling page: 0x000002626c680000

Metaspace:

Usage:
  Non-class:     83.79 MB used.
      Class:     13.35 MB used.
       Both:     97.14 MB used.

Virtual space:
  Non-class space:      128.00 MB reserved,      84.25 MB ( 66%) committed,  2 nodes.
      Class space:        1.00 GB reserved,      13.69 MB (  1%) committed,  1 nodes.
             Both:        1.12 GB reserved,      97.94 MB (  9%) committed. 

Chunk freelists:
   Non-Class:  11.76 MB
       Class:  2.35 MB
        Both:  14.11 MB

MaxMetaspaceSize: unlimited
CompressedClassSpaceSize: 1.00 GB
Initial GC threshold: 21.00 MB
Current GC threshold: 158.75 MB
CDS: off
MetaspaceReclaimPolicy: balanced
 - commit_granule_bytes: 65536.
 - commit_granule_words: 8192.
 - virtual_space_node_default_size: 8388608.
 - enlarge_chunks_in_place: 1.
 - new_chunks_are_fully_committed: 0.
 - uncommit_free_chunks: 1.
 - use_allocation_guard: 0.
 - handle_deallocations: 1.


Internal statistics:

num_allocs_failed_limit: 11.
num_arena_births: 980.
num_arena_deaths: 4.
num_vsnodes_births: 3.
num_vsnodes_deaths: 0.
num_space_committed: 1567.
num_space_uncommitted: 0.
num_chunks_returned_to_freelist: 23.
num_chunks_taken_from_freelist: 4760.
num_chunk_merges: 3.
num_chunk_splits: 3107.
num_chunks_enlarged: 2070.
num_inconsistent_stats: 0.

CodeHeap 'non-profiled nmethods': size=120000Kb used=6256Kb max_used=6256Kb free=113743Kb
 bounds [0x0000026207ad0000, 0x00000262080f0000, 0x000002620f000000]
CodeHeap 'profiled nmethods': size=120000Kb used=21017Kb max_used=21017Kb free=98982Kb
 bounds [0x0000026200000000, 0x0000026201490000, 0x0000026207530000]
CodeHeap 'non-nmethods': size=5760Kb used=2401Kb max_used=2451Kb free=3358Kb
 bounds [0x0000026207530000, 0x00000262077a0000, 0x0000026207ad0000]
 total_blobs=12074 nmethods=11139 adapters=846
 compilation: enabled
              stopped_count=0, restarted_count=0
 full_count=0

Compilation events (20 events):
Event: 65.470 Thread 0x000002627dc51aa0 nmethod 12916 0x0000026201480790 code [0x00000262014809e0, 0x0000026201481548]
Event: 65.470 Thread 0x000002627dc51aa0 12917       3       java.util.concurrent.locks.ReentrantReadWriteLock$ReadLock::unlock (10 bytes)
Event: 65.471 Thread 0x000002627dc51aa0 nmethod 12917 0x0000026201481890 code [0x0000026201481a60, 0x0000026201481d38]
Event: 65.471 Thread 0x000002627dc51aa0 12918       3       java.util.concurrent.locks.ReentrantReadWriteLock$Sync::tryReleaseShared (146 bytes)
Event: 65.472 Thread 0x000002627dc51aa0 nmethod 12918 0x0000026201481e90 code [0x00000262014820e0, 0x0000026201482c38]
Event: 67.784 Thread 0x000002627dc50a00 12919       4       java.util.concurrent.locks.LockSupport::parkNanos (29 bytes)
Event: 67.787 Thread 0x000002627dc50a00 nmethod 12919 0x00000262080ea410 code [0x00000262080ea5a0, 0x00000262080ea7a8]
Event: 68.033 Thread 0x000002627dc50a00 12920       4       java.util.concurrent.locks.AbstractQueuedSynchronizer$ConditionObject::awaitNanos (200 bytes)
Event: 68.058 Thread 0x000002627dc50a00 nmethod 12920 0x00000262080ea890 code [0x00000262080eaa80, 0x00000262080eb888]
Event: 69.945 Thread 0x000002627dc51aa0 12921       3       org.gradle.internal.io.LineBufferingOutputStream::write (59 bytes)
Event: 69.946 Thread 0x000002627dc50a00 12925       4       org.gradle.internal.io.StreamByteBuffer::allocateSpace (73 bytes)
Event: 69.947 Thread 0x000002627dc51aa0 nmethod 12921 0x0000026201483010 code [0x00000262014832c0, 0x0000026201484118]
Event: 69.947 Thread 0x000002627dc51aa0 12922       3       org.gradle.internal.io.StreamByteBuffer$StreamByteBufferOutputStream::write (22 bytes)
Event: 69.947 Thread 0x000002627dc51aa0 nmethod 12922 0x0000026201484690 code [0x0000026201484840, 0x0000026201484a18]
Event: 69.947 Thread 0x000002627dc51aa0 12923       3       org.gradle.internal.io.StreamByteBuffer$StreamByteBufferChunk::write (32 bytes)
Event: 69.947 Thread 0x000002627dc50a00 nmethod 12925 0x00000262080ec090 code [0x00000262080ec200, 0x00000262080ec2b8]
Event: 69.947 Thread 0x000002627dc50a00 12927       4       org.gradle.internal.logging.text.AbstractLineChoppingStyledTextOutput::doAppend (43 bytes)
Event: 69.947 Thread 0x000002627dc51aa0 nmethod 12923 0x0000026201484b90 code [0x0000026201484d40, 0x0000026201484ef8]
Event: 69.947 Thread 0x000002627dc51aa0 12924       3       org.gradle.internal.io.LineBufferingOutputStream::endsWithLineSeparator (27 bytes)
Event: 69.947 Thread 0x000002627dc51aa0 nmethod 12924 0x0000026201485010 code [0x00000262014851a0, 0x0000026201485358]

GC Heap History (20 events):
Event: 34.290 GC heap before
{Heap before GC invocations=39 (full 0):
 garbage-first heap   total 141312K, used 113013K [0x0000000700000000, 0x0000000800000000)
  region size 2048K, 21 young (43008K), 1 survivors (2048K)
 Metaspace       used 78351K, committed 79040K, reserved 1179648K
  class space    used 10468K, committed 10752K, reserved 1048576K
}
Event: 34.310 GC heap after
{Heap after GC invocations=40 (full 0):
 garbage-first heap   total 141312K, used 74547K [0x0000000700000000, 0x0000000800000000)
  region size 2048K, 3 young (6144K), 3 survivors (6144K)
 Metaspace       used 78351K, committed 79040K, reserved 1179648K
  class space    used 10468K, committed 10752K, reserved 1048576K
}
Event: 36.595 GC heap before
{Heap before GC invocations=40 (full 0):
 garbage-first heap   total 141312K, used 111411K [0x0000000700000000, 0x0000000800000000)
  region size 2048K, 21 young (43008K), 3 survivors (6144K)
 Metaspace       used 81990K, committed 82752K, reserved 1179648K
  class space    used 11101K, committed 11456K, reserved 1048576K
}
Event: 36.609 GC heap after
{Heap after GC invocations=41 (full 0):
 garbage-first heap   total 141312K, used 77290K [0x0000000700000000, 0x0000000800000000)
  region size 2048K, 3 young (6144K), 3 survivors (6144K)
 Metaspace       used 81990K, committed 82752K, reserved 1179648K
  class space    used 11101K, committed 11456K, reserved 1048576K
}
Event: 37.829 GC heap before
{Heap before GC invocations=42 (full 0):
 garbage-first heap   total 141312K, used 116202K [0x0000000700000000, 0x0000000800000000)
  region size 2048K, 22 young (45056K), 3 survivors (6144K)
 Metaspace       used 84479K, committed 85248K, reserved 1179648K
  class space    used 11517K, committed 11840K, reserved 1048576K
}
Event: 37.849 GC heap after
{Heap after GC invocations=43 (full 0):
 garbage-first heap   total 141312K, used 81846K [0x0000000700000000, 0x0000000800000000)
  region size 2048K, 3 young (6144K), 3 survivors (6144K)
 Metaspace       used 84479K, committed 85248K, reserved 1179648K
  class space    used 11517K, committed 11840K, reserved 1048576K
}
Event: 39.222 GC heap before
{Heap before GC invocations=43 (full 0):
 garbage-first heap   total 141312K, used 116662K [0x0000000700000000, 0x0000000800000000)
  region size 2048K, 20 young (40960K), 3 survivors (6144K)
 Metaspace       used 85854K, committed 86592K, reserved 1179648K
  class space    used 11749K, committed 12096K, reserved 1048576K
}
Event: 39.243 GC heap after
{Heap after GC invocations=44 (full 0):
 garbage-first heap   total 178176K, used 87627K [0x0000000700000000, 0x0000000800000000)
  region size 2048K, 3 young (6144K), 3 survivors (6144K)
 Metaspace       used 85854K, committed 86592K, reserved 1179648K
  class space    used 11749K, committed 12096K, reserved 1048576K
}
Event: 41.446 GC heap before
{Heap before GC invocations=45 (full 0):
 garbage-first heap   total 178176K, used 138827K [0x0000000700000000, 0x0000000800000000)
  region size 2048K, 28 young (57344K), 3 survivors (6144K)
 Metaspace       used 86424K, committed 87104K, reserved 1179648K
  class space    used 11814K, committed 12096K, reserved 1048576K
}
Event: 41.469 GC heap after
{Heap after GC invocations=46 (full 0):
 garbage-first heap   total 178176K, used 89117K [0x0000000700000000, 0x0000000800000000)
  region size 2048K, 1 young (2048K), 1 survivors (2048K)
 Metaspace       used 86424K, committed 87104K, reserved 1179648K
  class space    used 11814K, committed 12096K, reserved 1048576K
}
Event: 44.133 GC heap before
{Heap before GC invocations=46 (full 0):
 garbage-first heap   total 178176K, used 144413K [0x0000000700000000, 0x0000000800000000)
  region size 2048K, 29 young (59392K), 1 survivors (2048K)
 Metaspace       used 87613K, committed 88384K, reserved 1179648K
  class space    used 11954K, committed 12288K, reserved 1048576K
}
Event: 44.146 GC heap after
{Heap after GC invocations=47 (full 0):
 garbage-first heap   total 178176K, used 94111K [0x0000000700000000, 0x0000000800000000)
  region size 2048K, 4 young (8192K), 4 survivors (8192K)
 Metaspace       used 87613K, committed 88384K, reserved 1179648K
  class space    used 11954K, committed 12288K, reserved 1048576K
}
Event: 46.106 GC heap before
{Heap before GC invocations=48 (full 0):
 garbage-first heap   total 178176K, used 143263K [0x0000000700000000, 0x0000000800000000)
  region size 2048K, 28 young (57344K), 4 survivors (8192K)
 Metaspace       used 92565K, committed 93312K, reserved 1179648K
  class space    used 12699K, committed 12992K, reserved 1048576K
}
Event: 46.136 GC heap after
{Heap after GC invocations=49 (full 0):
 garbage-first heap   total 178176K, used 98043K [0x0000000700000000, 0x0000000800000000)
  region size 2048K, 2 young (4096K), 2 survivors (4096K)
 Metaspace       used 92565K, committed 93312K, reserved 1179648K
  class space    used 12699K, committed 12992K, reserved 1048576K
}
Event: 47.368 GC heap before
{Heap before GC invocations=49 (full 0):
 garbage-first heap   total 178176K, used 145147K [0x0000000700000000, 0x0000000800000000)
  region size 2048K, 25 young (51200K), 2 survivors (4096K)
 Metaspace       used 96616K, committed 97408K, reserved 1179648K
  class space    used 13202K, committed 13568K, reserved 1048576K
}
Event: 47.383 GC heap after
{Heap after GC invocations=50 (full 0):
 garbage-first heap   total 178176K, used 102946K [0x0000000700000000, 0x0000000800000000)
  region size 2048K, 4 young (8192K), 4 survivors (8192K)
 Metaspace       used 96616K, committed 97408K, reserved 1179648K
  class space    used 13202K, committed 13568K, reserved 1048576K
}
Event: 51.937 GC heap before
{Heap before GC invocations=51 (full 0):
 garbage-first heap   total 184320K, used 145954K [0x0000000700000000, 0x0000000800000000)
  region size 2048K, 25 young (51200K), 4 survivors (8192K)
 Metaspace       used 98690K, committed 99520K, reserved 1179648K
  class space    used 13552K, committed 13888K, reserved 1048576K
}
Event: 52.013 GC heap after
{Heap after GC invocations=52 (full 0):
 garbage-first heap   total 184320K, used 110024K [0x0000000700000000, 0x0000000800000000)
  region size 2048K, 4 young (8192K), 4 survivors (8192K)
 Metaspace       used 98690K, committed 99520K, reserved 1179648K
  class space    used 13552K, committed 13888K, reserved 1048576K
}
Event: 52.140 GC heap before
{Heap before GC invocations=52 (full 0):
 garbage-first heap   total 184320K, used 112072K [0x0000000700000000, 0x0000000800000000)
  region size 2048K, 5 young (10240K), 4 survivors (8192K)
 Metaspace       used 98708K, committed 99520K, reserved 1179648K
  class space    used 13554K, committed 13888K, reserved 1048576K
}
Event: 52.167 GC heap after
{Heap after GC invocations=53 (full 0):
 garbage-first heap   total 184320K, used 110479K [0x0000000700000000, 0x0000000800000000)
  region size 2048K, 1 young (2048K), 1 survivors (2048K)
 Metaspace       used 98708K, committed 99520K, reserved 1179648K
  class space    used 13554K, committed 13888K, reserved 1048576K
}

Dll operation events (2 events):
Event: 0.007 Loaded shared library F:\Android\Android Studio\jbr\bin\java.dll
Event: 0.511 Loaded shared library F:\Android\Android Studio\jbr\bin\verify.dll

Deoptimization events (20 events):
Event: 53.288 Thread 0x0000026213b1c9a0 Uncommon trap: trap_request=0xffffffbe fr.pc=0x00000262080d4024 relative=0x0000000000000544
Event: 53.288 Thread 0x0000026213b1c9a0 Uncommon trap: reason=profile_predicate action=maybe_recompile pc=0x00000262080d4024 method=java.util.regex.Pattern$CharPropertyGreedy.match(Ljava/util/regex/Matcher;ILjava/lang/CharSequence;)Z @ 15 c2
Event: 53.288 Thread 0x0000026213b1c9a0 DEOPT PACKING pc=0x00000262080d4024 sp=0x0000008ead0fb740
Event: 53.288 Thread 0x0000026213b1c9a0 DEOPT UNPACKING pc=0x00000262075869a3 sp=0x0000008ead0fb6c0 mode 2
Event: 53.288 Thread 0x0000026213b1c9a0 Uncommon trap: trap_request=0xffffffbe fr.pc=0x00000262080d4024 relative=0x0000000000000544
Event: 53.288 Thread 0x0000026213b1c9a0 Uncommon trap: reason=profile_predicate action=maybe_recompile pc=0x00000262080d4024 method=java.util.regex.Pattern$CharPropertyGreedy.match(Ljava/util/regex/Matcher;ILjava/lang/CharSequence;)Z @ 15 c2
Event: 53.288 Thread 0x0000026213b1c9a0 DEOPT PACKING pc=0x00000262080d4024 sp=0x0000008ead0fb740
Event: 53.288 Thread 0x0000026213b1c9a0 DEOPT UNPACKING pc=0x00000262075869a3 sp=0x0000008ead0fb6c0 mode 2
Event: 53.290 Thread 0x0000026213b1c9a0 Uncommon trap: trap_request=0xffffffbe fr.pc=0x00000262080cedbc relative=0x0000000000000edc
Event: 53.290 Thread 0x0000026213b1c9a0 Uncommon trap: reason=profile_predicate action=maybe_recompile pc=0x00000262080cedbc method=java.util.regex.Pattern$CharPropertyGreedy.match(Ljava/util/regex/Matcher;ILjava/lang/CharSequence;)Z @ 12 c2
Event: 53.290 Thread 0x0000026213b1c9a0 DEOPT PACKING pc=0x00000262080cedbc sp=0x0000008ead0fb710
Event: 53.290 Thread 0x0000026213b1c9a0 DEOPT UNPACKING pc=0x00000262075869a3 sp=0x0000008ead0fb6d0 mode 2
Event: 53.297 Thread 0x0000026213b1c9a0 Uncommon trap: trap_request=0xffffffbe fr.pc=0x00000262080cedbc relative=0x0000000000000edc
Event: 53.297 Thread 0x0000026213b1c9a0 Uncommon trap: reason=profile_predicate action=maybe_recompile pc=0x00000262080cedbc method=java.util.regex.Pattern$CharPropertyGreedy.match(Ljava/util/regex/Matcher;ILjava/lang/CharSequence;)Z @ 12 c2
Event: 53.297 Thread 0x0000026213b1c9a0 DEOPT PACKING pc=0x00000262080cedbc sp=0x0000008ead0fb710
Event: 53.297 Thread 0x0000026213b1c9a0 DEOPT UNPACKING pc=0x00000262075869a3 sp=0x0000008ead0fb6d0 mode 2
Event: 53.420 Thread 0x0000026213b1c9a0 Uncommon trap: trap_request=0xffffff45 fr.pc=0x00000262080be23c relative=0x000000000000099c
Event: 53.420 Thread 0x0000026213b1c9a0 Uncommon trap: reason=unstable_if action=reinterpret pc=0x00000262080be23c method=org.gradle.internal.snapshot.VfsRelativePath.lengthOfCommonPrefix(Ljava/lang/String;Lorg/gradle/internal/snapshot/CaseSensitivity;)I @ 165 c2
Event: 53.420 Thread 0x0000026213b1c9a0 DEOPT PACKING pc=0x00000262080be23c sp=0x0000008ead0faa50
Event: 53.420 Thread 0x0000026213b1c9a0 DEOPT UNPACKING pc=0x00000262075869a3 sp=0x0000008ead0fa9e0 mode 2

Classes unloaded (16 events):
Event: 47.693 Thread 0x000002627d93d240 Unloading class 0x0000000800bd8410 '_BuildScript_$_run_closure3'
Event: 47.693 Thread 0x000002627d93d240 Unloading class 0x0000000800bd8000 '_BuildScript_$_run_closure2$_closure8$_closure9$_closure10$_closure11'
Event: 47.693 Thread 0x000002627d93d240 Unloading class 0x0000000800bd3860 '_BuildScript_$_run_closure2$_closure8$_closure9$_closure10'
Event: 47.693 Thread 0x000002627d93d240 Unloading class 0x0000000800bd3450 '_BuildScript_$_run_closure2$_closure8$_closure9'
Event: 47.693 Thread 0x000002627d93d240 Unloading class 0x0000000800bd3040 '_BuildScript_$_run_closure2$_closure8'
Event: 47.693 Thread 0x000002627d93d240 Unloading class 0x0000000800bd2c30 '_BuildScript_$_run_closure2$_closure7'
Event: 47.693 Thread 0x000002627d93d240 Unloading class 0x0000000800bd2820 '_BuildScript_$_run_closure2$_closure6'
Event: 47.693 Thread 0x000002627d93d240 Unloading class 0x0000000800bd2410 '_BuildScript_$_run_closure2$_closure5'
Event: 47.693 Thread 0x000002627d93d240 Unloading class 0x0000000800bd2000 '_BuildScript_$_run_closure2'
Event: 47.693 Thread 0x000002627d93d240 Unloading class 0x0000000800bd1970 '_BuildScript_$_run_closure1$_closure4'
Event: 47.693 Thread 0x000002627d93d240 Unloading class 0x0000000800bd1560 '_BuildScript_$_run_closure1'
Event: 47.693 Thread 0x000002627d93d240 Unloading class 0x0000000800bd1000 '_BuildScript_'
Event: 47.693 Thread 0x000002627d93d240 Unloading class 0x0000000800bc9000 '_BuildScript_$_run_closure1$_closure3'
Event: 47.693 Thread 0x000002627d93d240 Unloading class 0x0000000800bc8970 '_BuildScript_$_run_closure1$_closure2'
Event: 47.693 Thread 0x000002627d93d240 Unloading class 0x0000000800bc8560 '_BuildScript_$_run_closure1'
Event: 47.693 Thread 0x000002627d93d240 Unloading class 0x0000000800bc8000 '_BuildScript_'

Classes redefined (0 events):
No events

Internal exceptions (20 events):
Event: 53.607 Thread 0x0000026213b1c9a0 Exception <a 'java/lang/ClassNotFoundException'{0x0000000709332568}: org/gradle/process/internal/DefaultExecAction_DecoratedBeanInfo> (0x0000000709332568) 
thrown [s\src\hotspot\share\classfile\systemDictionary.cpp, line 256]
Event: 53.612 Thread 0x0000026213b1c9a0 Exception <a 'java/lang/ClassNotFoundException'{0x0000000709343a50}: org/gradle/process/internal/DefaultExecActionBeanInfo> (0x0000000709343a50) 
thrown [s\src\hotspot\share\classfile\systemDictionary.cpp, line 256]
Event: 53.616 Thread 0x0000026213b1c9a0 Exception <a 'java/lang/ClassNotFoundException'{0x0000000709355b70}: org/gradle/process/internal/DefaultExecHandleBuilderBeanInfo> (0x0000000709355b70) 
thrown [s\src\hotspot\share\classfile\systemDictionary.cpp, line 256]
Event: 53.617 Thread 0x0000026213b1c9a0 Exception <a 'java/lang/ClassNotFoundException'{0x0000000709368190}: org/gradle/process/internal/AbstractExecHandleBuilderBeanInfo> (0x0000000709368190) 
thrown [s\src\hotspot\share\classfile\systemDictionary.cpp, line 256]
Event: 53.620 Thread 0x0000026213b1c9a0 Exception <a 'java/lang/ClassNotFoundException'{0x000000070937b000}: org/gradle/process/internal/DefaultProcessForkOptionsBeanInfo> (0x000000070937b000) 
thrown [s\src\hotspot\share\classfile\systemDictionary.cpp, line 256]
Event: 53.622 Thread 0x0000026213b1c9a0 Exception <a 'java/lang/ClassNotFoundException'{0x000000070938d748}: org/gradle/process/internal/DefaultProcessForkOptionsCustomizer> (0x000000070938d748) 
thrown [s\src\hotspot\share\classfile\systemDictionary.cpp, line 256]
Event: 53.628 Thread 0x0000026213b1c9a0 Exception <a 'java/lang/ClassNotFoundException'{0x00000007093ad2f8}: org/gradle/process/internal/AbstractExecHandleBuilderCustomizer> (0x00000007093ad2f8) 
thrown [s\src\hotspot\share\classfile\systemDictionary.cpp, line 256]
Event: 53.630 Thread 0x0000026213b1c9a0 Exception <a 'java/lang/ClassNotFoundException'{0x00000007093d1628}: org/gradle/process/internal/DefaultExecHandleBuilderCustomizer> (0x00000007093d1628) 
thrown [s\src\hotspot\share\classfile\systemDictionary.cpp, line 256]
Event: 53.634 Thread 0x0000026213b1c9a0 Exception <a 'java/lang/ClassNotFoundException'{0x00000007090105f8}: org/gradle/process/internal/DefaultExecActionCustomizer> (0x00000007090105f8) 
thrown [s\src\hotspot\share\classfile\systemDictionary.cpp, line 256]
Event: 53.635 Thread 0x0000026213b1c9a0 Exception <a 'java/lang/ClassNotFoundException'{0x000000070902b788}: org/gradle/process/internal/DefaultExecAction_DecoratedCustomizer> (0x000000070902b788) 
thrown [s\src\hotspot\share\classfile\systemDictionary.cpp, line 256]
Event: 53.646 Thread 0x0000026213b1c9a0 Exception <a 'java/lang/ClassNotFoundException'{0x0000000709063928}: org/gradle/api/logging/LogLevelBeanInfo> (0x0000000709063928) 
thrown [s\src\hotspot\share\classfile\systemDictionary.cpp, line 256]
Event: 53.649 Thread 0x0000026213b1c9a0 Exception <a 'java/lang/ClassNotFoundException'{0x00000007090751b8}: org/gradle/api/logging/LogLevelCustomizer> (0x00000007090751b8) 
thrown [s\src\hotspot\share\classfile\systemDictionary.cpp, line 256]
Event: 53.657 Thread 0x0000026213b1c9a0 Exception <a 'java/lang/ClassNotFoundException'{0x00000007090b9030}: org/gradle/internal/logging/services/DefaultLoggingManagerBeanInfo> (0x00000007090b9030) 
thrown [s\src\hotspot\share\classfile\systemDictionary.cpp, line 256]
Event: 53.660 Thread 0x0000026213b1c9a0 Exception <a 'java/lang/ClassNotFoundException'{0x00000007090ca500}: org/gradle/internal/logging/services/DefaultLoggingManagerCustomizer> (0x00000007090ca500) 
thrown [s\src\hotspot\share\classfile\systemDictionary.cpp, line 256]
Event: 53.665 Thread 0x0000026213b1c9a0 Exception <a 'java/lang/ClassNotFoundException'{0x00000007090fb360}: java/lang/BooleanBeanInfo> (0x00000007090fb360) 
thrown [s\src\hotspot\share\classfile\systemDictionary.cpp, line 256]
Event: 53.665 Thread 0x0000026213b1c9a0 Exception <a 'java/lang/ClassNotFoundException'{0x0000000709102118}: java/lang/BooleanCustomizer> (0x0000000709102118) 
thrown [s\src\hotspot\share\classfile\systemDictionary.cpp, line 256]
Event: 53.761 Thread 0x0000026213b1fe90 Exception <a 'java/lang/NoSuchMethodError'{0x000000070919ba28}: 'void java.lang.invoke.DirectMethodHandle$Holder.invokeStatic(java.lang.Object, long)'> (0x000000070919ba28) 
thrown [s\src\hotspot\share\interpreter\linkResolver.cpp, line 771]
Event: 53.762 Thread 0x0000026213b1fe90 Exception <a 'java/lang/NoSuchMethodError'{0x00000007091a0ed8}: 'java.lang.Object java.lang.invoke.DirectMethodHandle$Holder.newInvokeSpecial(java.lang.Object, long)'> (0x00000007091a0ed8) 
thrown [s\src\hotspot\share\interpreter\linkResolver.cpp, line 771]
Event: 53.765 Thread 0x0000026213b1fe90 Exception <a 'java/lang/NoSuchMethodError'{0x00000007091a79c0}: 'java.lang.Object java.lang.invoke.DirectMethodHandle$Holder.invokeStatic(java.lang.Object, java.lang.Object, long, java.lang.Object)'> (0x00000007091a79c0) 
thrown [s\src\hotspot\share\interpreter\linkResolver.cpp, line 771]
Event: 53.765 Thread 0x0000026213b1fe90 Exception <a 'java/lang/NoSuchMethodError'{0x00000007091ab650}: 'java.lang.Object java.lang.invoke.DirectMethodHandle$Holder.invokeStaticInit(java.lang.Object, java.lang.Object, long, java.lang.Object)'> (0x00000007091ab650) 
thrown [s\src\hotspot\share\interpreter\linkResolver.cpp, line 771]

VM Operations (20 events):
Event: 51.935 Executing VM operation: G1CollectForAllocation
Event: 52.014 Executing VM operation: G1CollectForAllocation done
Event: 52.140 Executing VM operation: G1CollectForAllocation
Event: 52.167 Executing VM operation: G1CollectForAllocation done
Event: 52.661 Executing VM operation: HandshakeAllThreads
Event: 52.661 Executing VM operation: HandshakeAllThreads done
Event: 52.951 Executing VM operation: ICBufferFull
Event: 52.951 Executing VM operation: ICBufferFull done
Event: 53.507 Executing VM operation: HandshakeAllThreads
Event: 53.507 Executing VM operation: HandshakeAllThreads done
Event: 53.515 Executing VM operation: HandshakeAllThreads
Event: 53.515 Executing VM operation: HandshakeAllThreads done
Event: 53.770 Executing VM operation: HandshakeAllThreads
Event: 53.770 Executing VM operation: HandshakeAllThreads done
Event: 54.772 Executing VM operation: Cleanup
Event: 54.772 Executing VM operation: Cleanup done
Event: 55.780 Executing VM operation: Cleanup
Event: 55.780 Executing VM operation: Cleanup done
Event: 69.915 Executing VM operation: HandshakeAllThreads
Event: 69.915 Executing VM operation: HandshakeAllThreads done

Events (20 events):
Event: 53.665 loading class java/lang/BooleanBeanInfo done
Event: 53.665 loading class java/lang/BooleanBeanInfo
Event: 53.665 loading class java/lang/BooleanBeanInfo done
Event: 53.665 loading class java/lang/BooleanCustomizer
Event: 53.665 loading class java/lang/BooleanCustomizer done
Event: 53.665 loading class java/lang/BooleanCustomizer
Event: 53.665 loading class java/lang/BooleanCustomizer done
Event: 53.696 Thread 0x0000026213b1fe90 Thread added: 0x0000026213b1fe90
Event: 53.716 loading class java/lang/ProcessImpl
Event: 53.717 loading class java/lang/ProcessImpl done
Event: 53.762 loading class java/lang/ProcessHandleImpl
Event: 53.764 loading class java/lang/ProcessHandleImpl done
Event: 53.768 loading class java/lang/ProcessImpl$2
Event: 53.768 loading class java/lang/ProcessImpl$2 done
Event: 53.768 loading class java/lang/Process$PipeInputStream
Event: 53.769 loading class java/lang/Process$PipeInputStream done
Event: 53.771 loading class jdk/internal/event/ProcessStartEvent
Event: 53.772 loading class jdk/internal/event/ProcessStartEvent done
Event: 53.773 Thread 0x0000026213b194b0 Thread added: 0x0000026213b194b0
Event: 53.773 Thread 0x0000026213b1acc0 Thread added: 0x0000026213b1acc0


Dynamic libraries:
0x00007ff73fc80000 - 0x00007ff73fc8a000 	F:\Android\Android Studio\jbr\bin\java.exe
0x00007ff93b690000 - 0x00007ff93b888000 	C:\WINDOWS\SYSTEM32\ntdll.dll
0x00007ff93a140000 - 0x00007ff93a1fd000 	C:\WINDOWS\System32\KERNEL32.DLL
0x00007ff9390a0000 - 0x00007ff939396000 	C:\WINDOWS\System32\KERNELBASE.dll
0x00007ff938f10000 - 0x00007ff939010000 	C:\WINDOWS\System32\ucrtbase.dll
0x00007ff91ceb0000 - 0x00007ff91cecb000 	F:\Android\Android Studio\jbr\bin\VCRUNTIME140.dll
0x00007ff9221e0000 - 0x00007ff9221f7000 	F:\Android\Android Studio\jbr\bin\jli.dll
0x00007ff939790000 - 0x00007ff93992e000 	C:\WINDOWS\System32\USER32.dll
0x00007ff939690000 - 0x00007ff9396b2000 	C:\WINDOWS\System32\win32u.dll
0x00007ff939ca0000 - 0x00007ff939ccb000 	C:\WINDOWS\System32\GDI32.dll
0x00007ff939570000 - 0x00007ff939687000 	C:\WINDOWS\System32\gdi32full.dll
0x00007ff939420000 - 0x00007ff9394bd000 	C:\WINDOWS\System32\msvcp_win.dll
0x00007ff929bb0000 - 0x00007ff929e4a000 	C:\WINDOWS\WinSxS\amd64_microsoft.windows.common-controls_6595b64144ccf1df_6.0.19041.3636_none_60b6a03d71f818d5\COMCTL32.dll
0x00007ff939930000 - 0x00007ff9399ce000 	C:\WINDOWS\System32\msvcrt.dll
0x00007ff93ae50000 - 0x00007ff93ae82000 	C:\WINDOWS\System32\IMM32.DLL
0x00007ff930e60000 - 0x00007ff930e6c000 	F:\Android\Android Studio\jbr\bin\vcruntime140_1.dll
0x00007ff911980000 - 0x00007ff911a0d000 	F:\Android\Android Studio\jbr\bin\msvcp140.dll
0x00007ff8f9df0000 - 0x00007ff8faa70000 	F:\Android\Android Studio\jbr\bin\server\jvm.dll
0x00007ff93a3f0000 - 0x00007ff93a4a3000 	C:\WINDOWS\System32\ADVAPI32.dll
0x00007ff93a4b0000 - 0x00007ff93a54f000 	C:\WINDOWS\System32\sechost.dll
0x00007ff93a990000 - 0x00007ff93aab6000 	C:\WINDOWS\System32\RPCRT4.dll
0x00007ff9393f0000 - 0x00007ff939417000 	C:\WINDOWS\System32\bcrypt.dll
0x00007ff92f090000 - 0x00007ff92f099000 	C:\WINDOWS\SYSTEM32\WSOCK32.dll
0x00007ff92c000000 - 0x00007ff92c027000 	C:\WINDOWS\SYSTEM32\WINMM.dll
0x00007ff93ad50000 - 0x00007ff93adbb000 	C:\WINDOWS\System32\WS2_32.dll
0x00007ff92c7c0000 - 0x00007ff92c7ca000 	C:\WINDOWS\SYSTEM32\VERSION.dll
0x00007ff936c80000 - 0x00007ff936c92000 	C:\WINDOWS\SYSTEM32\kernel.appcore.dll
0x00007ff92f070000 - 0x00007ff92f07a000 	F:\Android\Android Studio\jbr\bin\jimage.dll
0x00007ff91a560000 - 0x00007ff91a744000 	C:\WINDOWS\SYSTEM32\DBGHELP.DLL
0x00007ff91a520000 - 0x00007ff91a554000 	C:\WINDOWS\SYSTEM32\dbgcore.DLL
0x00007ff939010000 - 0x00007ff939092000 	C:\WINDOWS\System32\bcryptPrimitives.dll
0x00007ff91c550000 - 0x00007ff91c575000 	F:\Android\Android Studio\jbr\bin\java.dll
0x00007ff9237c0000 - 0x00007ff9237d8000 	F:\Android\Android Studio\jbr\bin\zip.dll
0x00007ff93ae90000 - 0x00007ff93b5d5000 	C:\WINDOWS\System32\SHELL32.dll
0x00007ff936e80000 - 0x00007ff93761c000 	C:\WINDOWS\SYSTEM32\windows.storage.dll
0x00007ff93a630000 - 0x00007ff93a984000 	C:\WINDOWS\System32\combase.dll
0x00007ff938710000 - 0x00007ff93873e000 	C:\WINDOWS\SYSTEM32\Wldp.dll
0x00007ff939ab0000 - 0x00007ff939b7d000 	C:\WINDOWS\System32\OLEAUT32.dll
0x00007ff93a550000 - 0x00007ff93a5fd000 	C:\WINDOWS\System32\SHCORE.dll
0x00007ff939730000 - 0x00007ff939785000 	C:\WINDOWS\System32\shlwapi.dll
0x00007ff938ce0000 - 0x00007ff938d05000 	C:\WINDOWS\SYSTEM32\profapi.dll
0x00007ff91c530000 - 0x00007ff91c549000 	F:\Android\Android Studio\jbr\bin\net.dll
0x00007ff932000000 - 0x00007ff93210a000 	C:\WINDOWS\SYSTEM32\WINHTTP.dll
0x00007ff938470000 - 0x00007ff9384da000 	C:\WINDOWS\system32\mswsock.dll
0x00007ff91b6f0000 - 0x00007ff91b706000 	F:\Android\Android Studio\jbr\bin\nio.dll
0x00007ff92f030000 - 0x00007ff92f040000 	F:\Android\Android Studio\jbr\bin\verify.dll
0x00007ff91c5f0000 - 0x00007ff91c617000 	C:\Users\Administrator\.gradle\native\e1d6ef7f7dcc3fd88c89a11ec53ec762bb8ba0a96d01ffa2cd45eb1d1d8dd5c5\windows-amd64\native-platform.dll
0x00007ff918480000 - 0x00007ff9185c4000 	C:\Users\Administrator\.gradle\native\0d407fdbe67a94daf76414ababcb853783967236a71b16ec16e742cd7a986fd3\windows-amd64\native-platform-file-events.dll
0x00007ff92b110000 - 0x00007ff92b119000 	F:\Android\Android Studio\jbr\bin\management.dll
0x00007ff92a180000 - 0x00007ff92a18b000 	F:\Android\Android Studio\jbr\bin\management_ext.dll
0x00007ff93a200000 - 0x00007ff93a208000 	C:\WINDOWS\System32\PSAPI.DLL
0x00007ff938660000 - 0x00007ff938678000 	C:\WINDOWS\SYSTEM32\CRYPTSP.dll
0x00007ff937da0000 - 0x00007ff937dd4000 	C:\WINDOWS\system32\rsaenh.dll
0x00007ff938ca0000 - 0x00007ff938cce000 	C:\WINDOWS\SYSTEM32\USERENV.dll
0x00007ff938680000 - 0x00007ff93868c000 	C:\WINDOWS\SYSTEM32\CRYPTBASE.dll
0x00007ff938160000 - 0x00007ff93819b000 	C:\WINDOWS\SYSTEM32\IPHLPAPI.DLL
0x00007ff93b640000 - 0x00007ff93b648000 	C:\WINDOWS\System32\NSI.dll
0x00007ff92f0a0000 - 0x00007ff92f0b7000 	C:\WINDOWS\SYSTEM32\dhcpcsvc6.DLL
0x00007ff931290000 - 0x00007ff9312ad000 	C:\WINDOWS\SYSTEM32\dhcpcsvc.DLL
0x00007ff9381a0000 - 0x00007ff93826b000 	C:\WINDOWS\SYSTEM32\DNSAPI.dll
0x00007ff936580000 - 0x00007ff936587000 	C:\WINDOWS\system32\wshunix.dll

dbghelp: loaded successfully - version: 4.0.5 - missing functions: none
symbol engine: initialized successfully - sym options: 0x614 - pdb path: .;F:\Android\Android Studio\jbr\bin;C:\WINDOWS\SYSTEM32;C:\WINDOWS\WinSxS\amd64_microsoft.windows.common-controls_6595b64144ccf1df_6.0.19041.3636_none_60b6a03d71f818d5;F:\Android\Android Studio\jbr\bin\server;C:\Users\Administrator\.gradle\native\e1d6ef7f7dcc3fd88c89a11ec53ec762bb8ba0a96d01ffa2cd45eb1d1d8dd5c5\windows-amd64;C:\Users\Administrator\.gradle\native\0d407fdbe67a94daf76414ababcb853783967236a71b16ec16e742cd7a986fd3\windows-amd64

VM Arguments:
jvm_args: --add-opens=java.base/java.util=ALL-UNNAMED --add-opens=java.base/java.lang=ALL-UNNAMED --add-opens=java.base/java.lang.invoke=ALL-UNNAMED --add-opens=java.base/java.util=ALL-UNNAMED --add-opens=java.prefs/java.util.prefs=ALL-UNNAMED --add-opens=java.prefs/java.util.prefs=ALL-UNNAMED --add-opens=java.base/java.nio.charset=ALL-UNNAMED --add-opens=java.base/java.net=ALL-UNNAMED --add-opens=java.base/java.util.concurrent.atomic=ALL-UNNAMED -Xmx4G -Dfile.encoding=windows-1252 -Duser.country=US -Duser.language=en -Duser.variant 
java_command: org.gradle.launcher.daemon.bootstrap.GradleDaemon 7.5
java_class_path (initial): C:\Users\Administrator\.gradle\wrapper\dists\gradle-7.5-all\6qsw290k5lz422uaf8jf6m7co\gradle-7.5\lib\gradle-launcher-7.5.jar
Launcher Type: SUN_STANDARD

[Global flags]
     intx CICompilerCount                          = 3                                         {product} {ergonomic}
     uint ConcGCThreads                            = 1                                         {product} {ergonomic}
     uint G1ConcRefinementThreads                  = 4                                         {product} {ergonomic}
   size_t G1HeapRegionSize                         = 2097152                                   {product} {ergonomic}
    uintx GCDrainStackTargetSize                   = 64                                        {product} {ergonomic}
   size_t InitialHeapSize                          = 67108864                                  {product} {ergonomic}
   size_t MarkStackSize                            = 4194304                                   {product} {ergonomic}
   size_t MaxHeapSize                              = 4294967296                                {product} {command line}
   size_t MaxNewSize                               = 2575302656                                {product} {ergonomic}
   size_t MinHeapDeltaBytes                        = 2097152                                   {product} {ergonomic}
   size_t MinHeapSize                              = 8388608                                   {product} {ergonomic}
    uintx NonNMethodCodeHeapSize                   = 5832780                                {pd product} {ergonomic}
    uintx NonProfiledCodeHeapSize                  = 122912730                              {pd product} {ergonomic}
    uintx ProfiledCodeHeapSize                     = 122912730                              {pd product} {ergonomic}
    uintx ReservedCodeCacheSize                    = 251658240                              {pd product} {ergonomic}
     bool SegmentedCodeCache                       = true                                      {product} {ergonomic}
   size_t SoftMaxHeapSize                          = 4294967296                             {manageable} {ergonomic}
     bool UseCompressedClassPointers               = true                           {product lp64_product} {ergonomic}
     bool UseCompressedOops                        = true                           {product lp64_product} {ergonomic}
     bool UseG1GC                                  = true                                      {product} {ergonomic}
     bool UseLargePagesIndividualAllocation        = false                                  {pd product} {ergonomic}

Logging:
Log output configuration:
 #0: stdout all=warning uptime,level,tags
 #1: stderr all=off uptime,level,tags

Environment Variables:
JAVA_HOME=F:\Android\Android Studio\jbr
CLASSPATH=H:\AmmarSAA\BanoQabil\Mobile-App-Development-Bano-Qabil-2.0\Assignments\Authentication\.android\\gradle\wrapper\gradle-wrapper.jar
PATH=F:\Android\Android Studio\jbr\bin;C:\WINDOWS\system32;C:\WINDOWS;C:\WINDOWS\System32\Wbem;C:\WINDOWS\System32\WindowsPowerShell\v1.0\;C:\WINDOWS\System32\OpenSSH\;F:\xampp\php;F:\ProgramData\ComposerSetup\bin;F:\nodejs\;E:\Users\Administrator\AppData\Local\Android\Sdk\platforms;E:\Users\Administrator\AppData\Local\Android\Sdk\platform-tools;F:\Program Files (x86)\Incredibuild;F:\Windows Kits\10\Windows Performance Toolkit\;F:\Git\cmd;H:\platform-tools\;C:\Users\Administrator\AppData\Local\Microsoft\WindowsApps;C:\Users\Administrator\AppData\Roaming\Composer\vendor\bin;C:\Users\Administrator\AppData\Roaming\npm;F:\Android\flutter\bin;H:\Users\Administrator\AppData\Local\Programs\Microsoft VS Code\bin
USERNAME=Administrator
OS=Windows_NT
PROCESSOR_IDENTIFIER=Intel64 Family 6 Model 60 Stepping 3, GenuineIntel
TMP=C:\Users\ADMINI~1\AppData\Local\Temp
TEMP=C:\Users\ADMINI~1\AppData\Local\Temp


JNI global refs:
JNI global refs: 24, weak refs: 4

JNI global refs memory usage: 843, weak refs: 841

OOME stack traces (most recent first):
Classloader memory used:
Loader org.gradle.internal.classloader.VisitableURLClassLoader                         : 4768K
Loader org.gradle.internal.classloader.VisitableURLClassLoader                         : 3214K
Loader bootstrap                                                                       : 3034K
Loader org.gradle.initialization.MixInLegacyTypesClassLoader                           : 1135K
Loader org.gradle.groovy.scripts.internal.DefaultScriptCompilationHandler$ScriptClassLoader: 100496B
Loader jdk.internal.loader.ClassLoaders$PlatformClassLoader                            : 64934B
Loader jdk.internal.reflect.DelegatingClassLoader                                      : 64675B
Loader org.codehaus.groovy.runtime.callsite.CallSiteClassLoader                        : 30771B
Loader jdk.internal.loader.ClassLoaders$AppClassLoader                                 : 25667B
Loader groovy.lang.GroovyClassLoader$InnerLoader                                       : 1539B
Loader sun.reflect.misc.MethodUtil                                                     : 373B


[error occurred during error reporting (Classloader stats), id 0xe0000001, Out of Memory Error (s\src\hotspot\share\memory\arena.cpp:78)]


---------------  S Y S T E M  ---------------

OS:
 Windows 10 , 64 bit Build 19041 (10.0.19041.3636)
OS uptime: 2 days 1:38 hours

CPU: total 4 (initial active 4) (2 cores per cpu, 2 threads per core) family 6 model 60 stepping 3 microcode 0x27, cx8, cmov, fxsr, ht, mmx, sse, sse2, sse3, ssse3, sse4.1, sse4.2, popcnt, lzcnt, tsc, tscinvbit, avx, avx2, aes, erms, clmul, bmi1, bmi2, fma, vzeroupper, clflush

Memory: 4k page, system-wide physical 4014M (163M free)
TotalPageFile size 13353M (AvailPageFile size 0M)
current process WorkingSet (physical memory assigned to process): 115M, peak: 335M
current process commit charge ("private bytes"): 451M, peak: 469M

vm_info: OpenJDK 64-Bit Server VM (17.0.7+0-b2043.56-10550314) for windows-amd64 JRE (17.0.7+0-b2043.56-10550314), built on Jul 24 2023 18:27:45 by "androidbuild" with MS VC++ 16.10 / 16.11 (VS2019)

END.
